Analysis & Synthesis report for Greedy_snake
Fri Oct 27 10:52:08 2017
Quartus II 64-Bit Version 13.1.0 Build 162 10/23/2013 SJ Full Version


---------------------
; Table of Contents ;
---------------------
  1. Legal Notice
  2. Analysis & Synthesis Summary
  3. Analysis & Synthesis Settings
  4. Parallel Compilation
  5. Analysis & Synthesis Source Files Read
  6. Analysis & Synthesis Resource Usage Summary
  7. Analysis & Synthesis Resource Utilization by Entity
  8. Analysis & Synthesis IP Cores Summary
  9. State Machine - |Greedy_snake|Snake_ctrl_module:U4|Direct_r
 10. Registers Removed During Synthesis
 11. General Register Statistics
 12. Inverted Register Statistics
 13. Multiplexer Restructuring Statistics (Restructuring Performed)
 14. Parameter Settings for User Entity Instance: altpll0:altpll0_inst|altpll:altpll_component
 15. Parameter Settings for User Entity Instance: Game_ctrl_module:U2
 16. Parameter Settings for User Entity Instance: Snake_ctrl_module:U4
 17. Parameter Settings for User Entity Instance: Smg_display_module:U7
 18. Parameter Settings for User Entity Instance: Array_decoder:U8
 19. altpll Parameter Settings by Entity Instance
 20. Elapsed Time Per Partition
 21. Analysis & Synthesis Messages
 22. Analysis & Synthesis Suppressed Messages



----------------
; Legal Notice ;
----------------
Copyright (C) 1991-2013 Altera Corporation
Your use of Altera Corporation's design tools, logic functions 
and other software and tools, and its AMPP partner logic 
functions, and any output files from any of the foregoing 
(including device programming or simulation files), and any 
associated documentation or information are expressly subject 
to the terms and conditions of the Altera Program License 
Subscription Agreement, Altera MegaCore Function License 
Agreement, or other applicable license agreement, including, 
without limitation, that your use is for the sole purpose of 
programming logic devices manufactured by Altera and sold by 
Altera or its authorized distributors.  Please refer to the 
applicable agreement for further details.



+----------------------------------------------------------------------------------+
; Analysis & Synthesis Summary                                                     ;
+------------------------------------+---------------------------------------------+
; Analysis & Synthesis Status        ; Successful - Fri Oct 27 10:52:08 2017       ;
; Quartus II 64-Bit Version          ; 13.1.0 Build 162 10/23/2013 SJ Full Version ;
; Revision Name                      ; Greedy_snake                                ;
; Top-level Entity Name              ; Greedy_snake                                ;
; Family                             ; Cyclone III                                 ;
; Total logic elements               ; 839                                         ;
;     Total combinational functions  ; 829                                         ;
;     Dedicated logic registers      ; 374                                         ;
; Total registers                    ; 374                                         ;
; Total pins                         ; 50                                          ;
; Total virtual pins                 ; 0                                           ;
; Total memory bits                  ; 0                                           ;
; Embedded Multiplier 9-bit elements ; 0                                           ;
; Total PLLs                         ; 1                                           ;
+------------------------------------+---------------------------------------------+


+----------------------------------------------------------------------------------------------------------------------+
; Analysis & Synthesis Settings                                                                                        ;
+----------------------------------------------------------------------------+--------------------+--------------------+
; Option                                                                     ; Setting            ; Default Value      ;
+----------------------------------------------------------------------------+--------------------+--------------------+
; Device                                                                     ; EP3C25Q240C8       ;                    ;
; Top-level entity name                                                      ; Greedy_snake       ; Greedy_snake       ;
; Family name                                                                ; Cyclone III        ; Cyclone IV GX      ;
; Use smart compilation                                                      ; Off                ; Off                ;
; Enable parallel Assembler and TimeQuest Timing Analyzer during compilation ; On                 ; On                 ;
; Enable compact report table                                                ; Off                ; Off                ;
; Restructure Multiplexers                                                   ; Auto               ; Auto               ;
; Create Debugging Nodes for IP Cores                                        ; Off                ; Off                ;
; Preserve fewer node names                                                  ; On                 ; On                 ;
; Disable OpenCore Plus hardware evaluation                                  ; Off                ; Off                ;
; Verilog Version                                                            ; Verilog_2001       ; Verilog_2001       ;
; VHDL Version                                                               ; VHDL_1993          ; VHDL_1993          ;
; State Machine Processing                                                   ; Auto               ; Auto               ;
; Safe State Machine                                                         ; Off                ; Off                ;
; Extract Verilog State Machines                                             ; On                 ; On                 ;
; Extract VHDL State Machines                                                ; On                 ; On                 ;
; Ignore Verilog initial constructs                                          ; Off                ; Off                ;
; Iteration limit for constant Verilog loops                                 ; 5000               ; 5000               ;
; Iteration limit for non-constant Verilog loops                             ; 250                ; 250                ;
; Add Pass-Through Logic to Inferred RAMs                                    ; On                 ; On                 ;
; Infer RAMs from Raw Logic                                                  ; On                 ; On                 ;
; Parallel Synthesis                                                         ; On                 ; On                 ;
; DSP Block Balancing                                                        ; Auto               ; Auto               ;
; NOT Gate Push-Back                                                         ; On                 ; On                 ;
; Power-Up Don't Care                                                        ; On                 ; On                 ;
; Remove Redundant Logic Cells                                               ; Off                ; Off                ;
; Remove Duplicate Registers                                                 ; On                 ; On                 ;
; Ignore CARRY Buffers                                                       ; Off                ; Off                ;
; Ignore CASCADE Buffers                                                     ; Off                ; Off                ;
; Ignore GLOBAL Buffers                                                      ; Off                ; Off                ;
; Ignore ROW GLOBAL Buffers                                                  ; Off                ; Off                ;
; Ignore LCELL Buffers                                                       ; Off                ; Off                ;
; Ignore SOFT Buffers                                                        ; On                 ; On                 ;
; Limit AHDL Integers to 32 Bits                                             ; Off                ; Off                ;
; Optimization Technique                                                     ; Balanced           ; Balanced           ;
; Carry Chain Length                                                         ; 70                 ; 70                 ;
; Auto Carry Chains                                                          ; On                 ; On                 ;
; Auto Open-Drain Pins                                                       ; On                 ; On                 ;
; Perform WYSIWYG Primitive Resynthesis                                      ; Off                ; Off                ;
; Auto ROM Replacement                                                       ; On                 ; On                 ;
; Auto RAM Replacement                                                       ; On                 ; On                 ;
; Auto DSP Block Replacement                                                 ; On                 ; On                 ;
; Auto Shift Register Replacement                                            ; Auto               ; Auto               ;
; Allow Shift Register Merging across Hierarchies                            ; Auto               ; Auto               ;
; Auto Clock Enable Replacement                                              ; On                 ; On                 ;
; Strict RAM Replacement                                                     ; Off                ; Off                ;
; Allow Synchronous Control Signals                                          ; On                 ; On                 ;
; Force Use of Synchronous Clear Signals                                     ; Off                ; Off                ;
; Auto RAM Block Balancing                                                   ; On                 ; On                 ;
; Auto RAM to Logic Cell Conversion                                          ; Off                ; Off                ;
; Auto Resource Sharing                                                      ; Off                ; Off                ;
; Allow Any RAM Size For Recognition                                         ; Off                ; Off                ;
; Allow Any ROM Size For Recognition                                         ; Off                ; Off                ;
; Allow Any Shift Register Size For Recognition                              ; Off                ; Off                ;
; Use LogicLock Constraints during Resource Balancing                        ; On                 ; On                 ;
; Ignore translate_off and synthesis_off directives                          ; Off                ; Off                ;
; Timing-Driven Synthesis                                                    ; On                 ; On                 ;
; Report Parameter Settings                                                  ; On                 ; On                 ;
; Report Source Assignments                                                  ; On                 ; On                 ;
; Report Connectivity Checks                                                 ; On                 ; On                 ;
; Ignore Maximum Fan-Out Assignments                                         ; Off                ; Off                ;
; Synchronization Register Chain Length                                      ; 2                  ; 2                  ;
; PowerPlay Power Optimization                                               ; Normal compilation ; Normal compilation ;
; HDL message level                                                          ; Level2             ; Level2             ;
; Suppress Register Optimization Related Messages                            ; Off                ; Off                ;
; Number of Removed Registers Reported in Synthesis Report                   ; 5000               ; 5000               ;
; Number of Swept Nodes Reported in Synthesis Report                         ; 5000               ; 5000               ;
; Number of Inverted Registers Reported in Synthesis Report                  ; 100                ; 100                ;
; Clock MUX Protection                                                       ; On                 ; On                 ;
; Auto Gated Clock Conversion                                                ; Off                ; Off                ;
; Block Design Naming                                                        ; Auto               ; Auto               ;
; SDC constraint protection                                                  ; Off                ; Off                ;
; Synthesis Effort                                                           ; Auto               ; Auto               ;
; Shift Register Replacement - Allow Asynchronous Clear Signal               ; On                 ; On                 ;
; Pre-Mapping Resynthesis Optimization                                       ; Off                ; Off                ;
; Analysis & Synthesis Message Level                                         ; Medium             ; Medium             ;
; Disable Register Merging Across Hierarchies                                ; Auto               ; Auto               ;
; Resource Aware Inference For Block RAM                                     ; On                 ; On                 ;
; Synthesis Seed                                                             ; 1                  ; 1                  ;
+----------------------------------------------------------------------------+--------------------+--------------------+


+------------------------------------------+
; Parallel Compilation                     ;
+----------------------------+-------------+
; Processors                 ; Number      ;
+----------------------------+-------------+
; Number detected on machine ; 4           ;
; Maximum allowed            ; 2           ;
;                            ;             ;
; Average used               ; 1.00        ;
; Maximum used               ; 2           ;
;                            ;             ;
; Usage by Processor         ; % Time Used ;
;     Processor 1            ; 100.0%      ;
;     Processor 2            ; < 0.1%      ;
;     Processors 3-4         ;   0.0%      ;
+----------------------------+-------------+


+-----------------------------------------------------------------------------------------------------------------------------------------------------------------------------+
; Analysis & Synthesis Source Files Read                                                                                                                                      ;
+----------------------------------+-----------------+------------------------------+-------------------------------------------------------------------------------+---------+
; File Name with User-Entered Path ; Used in Netlist ; File Type                    ; File Name with Absolute Path                                                  ; Library ;
+----------------------------------+-----------------+------------------------------+-------------------------------------------------------------------------------+---------+
; altpll0.v                        ; yes             ; User Wizard-Generated File   ; D:/Applications/Altera/13.1/Snake/altpll0.v                                   ;         ;
; Array_decoder.v                  ; yes             ; User Verilog HDL File        ; D:/Applications/Altera/13.1/Snake/Array_decoder.v                             ;         ;
; Snake_ctrl_module.v              ; yes             ; User Verilog HDL File        ; D:/Applications/Altera/13.1/Snake/Snake_ctrl_module.v                         ;         ;
; Seg_display_module.v             ; yes             ; User Verilog HDL File        ; D:/Applications/Altera/13.1/Snake/Seg_display_module.v                        ;         ;
; Key_check_module.v               ; yes             ; User Verilog HDL File        ; D:/Applications/Altera/13.1/Snake/Key_check_module.v                          ;         ;
; Greedy_snake.v                   ; yes             ; User Verilog HDL File        ; D:/Applications/Altera/13.1/Snake/Greedy_snake.v                              ;         ;
; Game_ctrl_module.v               ; yes             ; User Verilog HDL File        ; D:/Applications/Altera/13.1/Snake/Game_ctrl_module.v                          ;         ;
; Apple_generate_module.v          ; yes             ; User Verilog HDL File        ; D:/Applications/Altera/13.1/Snake/Apple_generate_module.v                     ;         ;
; altpll.tdf                       ; yes             ; Megafunction                 ; d:/applications/altera/13.1/quartus/libraries/megafunctions/altpll.tdf        ;         ;
; aglobal131.inc                   ; yes             ; Megafunction                 ; d:/applications/altera/13.1/quartus/libraries/megafunctions/aglobal131.inc    ;         ;
; stratix_pll.inc                  ; yes             ; Megafunction                 ; d:/applications/altera/13.1/quartus/libraries/megafunctions/stratix_pll.inc   ;         ;
; stratixii_pll.inc                ; yes             ; Megafunction                 ; d:/applications/altera/13.1/quartus/libraries/megafunctions/stratixii_pll.inc ;         ;
; cycloneii_pll.inc                ; yes             ; Megafunction                 ; d:/applications/altera/13.1/quartus/libraries/megafunctions/cycloneii_pll.inc ;         ;
; db/altpll0_altpll.v              ; yes             ; Auto-Generated Megafunction  ; D:/Applications/Altera/13.1/Snake/db/altpll0_altpll.v                         ;         ;
+----------------------------------+-----------------+------------------------------+-------------------------------------------------------------------------------+---------+


+-------------------------------------------------------------------------------------------------------------------------------------------+
; Analysis & Synthesis Resource Usage Summary                                                                                               ;
+---------------------------------------------+---------------------------------------------------------------------------------------------+
; Resource                                    ; Usage                                                                                       ;
+---------------------------------------------+---------------------------------------------------------------------------------------------+
; Estimated Total logic elements              ; 839                                                                                         ;
;                                             ;                                                                                             ;
; Total combinational functions               ; 829                                                                                         ;
; Logic element usage by number of LUT inputs ;                                                                                             ;
;     -- 4 input functions                    ; 554                                                                                         ;
;     -- 3 input functions                    ; 77                                                                                          ;
;     -- <=2 input functions                  ; 198                                                                                         ;
;                                             ;                                                                                             ;
; Logic elements by mode                      ;                                                                                             ;
;     -- normal mode                          ; 704                                                                                         ;
;     -- arithmetic mode                      ; 125                                                                                         ;
;                                             ;                                                                                             ;
; Total registers                             ; 374                                                                                         ;
;     -- Dedicated logic registers            ; 374                                                                                         ;
;     -- I/O registers                        ; 0                                                                                           ;
;                                             ;                                                                                             ;
; I/O pins                                    ; 50                                                                                          ;
; Embedded Multiplier 9-bit elements          ; 0                                                                                           ;
; Total PLLs                                  ; 1                                                                                           ;
;     -- PLLs                                 ; 1                                                                                           ;
;                                             ;                                                                                             ;
; Maximum fan-out node                        ; altpll0:altpll0_inst|altpll:altpll_component|altpll0_altpll:auto_generated|wire_pll1_clk[0] ;
; Maximum fan-out                             ; 375                                                                                         ;
; Total fan-out                               ; 4245                                                                                        ;
; Average fan-out                             ; 3.26                                                                                        ;
+---------------------------------------------+---------------------------------------------------------------------------------------------+


+----------------------------------------------------------------------------------------------------------------------------------------------------------------------------------------------------------------------------------------------------------------+
; Analysis & Synthesis Resource Utilization by Entity                                                                                                                                                                                                            ;
+------------------------------------------+-------------------+--------------+-------------+--------------+---------+-----------+------+--------------+------------------------------------------------------------------------------------------+--------------+
; Compilation Hierarchy Node               ; LC Combinationals ; LC Registers ; Memory Bits ; DSP Elements ; DSP 9x9 ; DSP 18x18 ; Pins ; Virtual Pins ; Full Hierarchy Name                                                                      ; Library Name ;
+------------------------------------------+-------------------+--------------+-------------+--------------+---------+-----------+------+--------------+------------------------------------------------------------------------------------------+--------------+
; |Greedy_snake                            ; 829 (1)           ; 374 (0)      ; 0           ; 0            ; 0       ; 0         ; 50   ; 0            ; |Greedy_snake                                                                            ; work         ;
;    |Apple_generate_module:U3|            ; 53 (53)           ; 43 (43)      ; 0           ; 0            ; 0       ; 0         ; 0    ; 0            ; |Greedy_snake|Apple_generate_module:U3                                                   ; work         ;
;    |Array_decoder:U8|                    ; 264 (264)         ; 48 (48)      ; 0           ; 0            ; 0       ; 0         ; 0    ; 0            ; |Greedy_snake|Array_decoder:U8                                                           ; work         ;
;    |Game_ctrl_module:U2|                 ; 6 (6)             ; 3 (3)        ; 0           ; 0            ; 0       ; 0         ; 0    ; 0            ; |Greedy_snake|Game_ctrl_module:U2                                                        ; work         ;
;    |Key_check_module:U6|                 ; 58 (58)           ; 40 (40)      ; 0           ; 0            ; 0       ; 0         ; 0    ; 0            ; |Greedy_snake|Key_check_module:U6                                                        ; work         ;
;    |Smg_display_module:U7|               ; 119 (119)         ; 61 (61)      ; 0           ; 0            ; 0       ; 0         ; 0    ; 0            ; |Greedy_snake|Smg_display_module:U7                                                      ; work         ;
;    |Snake_ctrl_module:U4|                ; 328 (328)         ; 179 (179)    ; 0           ; 0            ; 0       ; 0         ; 0    ; 0            ; |Greedy_snake|Snake_ctrl_module:U4                                                       ; work         ;
;    |altpll0:altpll0_inst|                ; 0 (0)             ; 0 (0)        ; 0           ; 0            ; 0       ; 0         ; 0    ; 0            ; |Greedy_snake|altpll0:altpll0_inst                                                       ; work         ;
;       |altpll:altpll_component|          ; 0 (0)             ; 0 (0)        ; 0           ; 0            ; 0       ; 0         ; 0    ; 0            ; |Greedy_snake|altpll0:altpll0_inst|altpll:altpll_component                               ; work         ;
;          |altpll0_altpll:auto_generated| ; 0 (0)             ; 0 (0)        ; 0           ; 0            ; 0       ; 0         ; 0    ; 0            ; |Greedy_snake|altpll0:altpll0_inst|altpll:altpll_component|altpll0_altpll:auto_generated ; work         ;
+------------------------------------------+-------------------+--------------+-------------+--------------+---------+-----------+------+--------------+------------------------------------------------------------------------------------------+--------------+
Note: For table entries with two numbers listed, the numbers in parentheses indicate the number of resources of the given type used by the specific entity alone. The numbers listed outside of parentheses indicate the total resources of the given type used by the specific entity and all of its sub-entities in the hierarchy.


+--------------------------------------------------------------------------------------------------------------------------------------------------+
; Analysis & Synthesis IP Cores Summary                                                                                                            ;
+--------+--------------+---------+--------------+--------------+------------------------------------+---------------------------------------------+
; Vendor ; IP Core Name ; Version ; Release Date ; License Type ; Entity Instance                    ; IP Include File                             ;
+--------+--------------+---------+--------------+--------------+------------------------------------+---------------------------------------------+
; Altera ; ALTPLL       ; N/A     ; N/A          ; N/A          ; |Greedy_snake|altpll0:altpll0_inst ; D:/Applications/Altera/13.1/Snake/altpll0.v ;
+--------+--------------+---------+--------------+--------------+------------------------------------+---------------------------------------------+


Encoding Type:  One-Hot
+-------------------------------------------------------------------------------+
; State Machine - |Greedy_snake|Snake_ctrl_module:U4|Direct_r                   ;
+----------------+-------------+---------------+---------------+----------------+
; Name           ; Direct_r.Up ; Direct_r.Left ; Direct_r.Down ; Direct_r.Right ;
+----------------+-------------+---------------+---------------+----------------+
; Direct_r.Right ; 0           ; 0             ; 0             ; 0              ;
; Direct_r.Down  ; 0           ; 0             ; 1             ; 1              ;
; Direct_r.Left  ; 0           ; 1             ; 0             ; 1              ;
; Direct_r.Up    ; 1           ; 0             ; 0             ; 1              ;
+----------------+-------------+---------------+---------------+----------------+


+-------------------------------------------------------------------------------------------------+
; Registers Removed During Synthesis                                                              ;
+------------------------------------------+------------------------------------------------------+
; Register name                            ; Reason for Removal                                   ;
+------------------------------------------+------------------------------------------------------+
; Apple_generate_module:U3|Random_num_3[0] ; Merged with Apple_generate_module:U3|Random_num_1[1] ;
; Apple_generate_module:U3|Random_num_2[0] ; Merged with Apple_generate_module:U3|Random_num_1[1] ;
; Snake_ctrl_module:U4|Direct_r~4          ; Lost fanout                                          ;
; Snake_ctrl_module:U4|Direct_r~5          ; Lost fanout                                          ;
; Apple_generate_module:U3|Random_num_3[1] ; Merged with Apple_generate_module:U3|Random_num_2[1] ;
; Apple_generate_module:U3|Random_num_3[2] ; Merged with Apple_generate_module:U3|Random_num_2[2] ;
; Apple_generate_module:U3|Apple_3[2]      ; Merged with Apple_generate_module:U3|Apple_2[2]      ;
; Total Number of Removed Registers = 7    ;                                                      ;
+------------------------------------------+------------------------------------------------------+


+------------------------------------------------------+
; General Register Statistics                          ;
+----------------------------------------------+-------+
; Statistic                                    ; Value ;
+----------------------------------------------+-------+
; Total registers                              ; 374   ;
; Number of registers using Synchronous Clear  ; 18    ;
; Number of registers using Synchronous Load   ; 14    ;
; Number of registers using Asynchronous Clear ; 303   ;
; Number of registers using Asynchronous Load  ; 0     ;
; Number of registers using Clock Enable       ; 233   ;
; Number of registers using Preset             ; 0     ;
+----------------------------------------------+-------+


+---------------------------------------------------+
; Inverted Register Statistics                      ;
+-----------------------------------------+---------+
; Inverted Register                       ; Fan out ;
+-----------------------------------------+---------+
; Snake_ctrl_module:U4|Snake_length[1]    ; 11      ;
; Snake_ctrl_module:U4|Snake_length[0]    ; 16      ;
; Game_ctrl_module:U2|Game_status[0]      ; 143     ;
; Snake_ctrl_module:U4|BodyB[0]           ; 3       ;
; Snake_ctrl_module:U4|BodyA[0]           ; 28      ;
; Apple_generate_module:U3|Apple_2[1]     ; 2       ;
; Snake_ctrl_module:U4|BodyB[2]           ; 3       ;
; Snake_ctrl_module:U4|BodyA[2]           ; 26      ;
; Apple_generate_module:U3|Apple_2[3]     ; 2       ;
; Apple_generate_module:U3|Apple_1[3]     ; 2       ;
; Apple_generate_module:U3|Apple_3[3]     ; 2       ;
; Snake_ctrl_module:U4|BodyB[4]           ; 3       ;
; Apple_generate_module:U3|Apple_1[4]     ; 2       ;
; Snake_ctrl_module:U4|BodyA[5]           ; 25      ;
; Apple_generate_module:U3|Apple_2[5]     ; 2       ;
; Apple_generate_module:U3|Apple_3[5]     ; 2       ;
; Apple_generate_module:U3|Apple_2[6]     ; 2       ;
; Apple_generate_module:U3|Apple_1[6]     ; 2       ;
; Snake_ctrl_module:U4|BodyB[7]           ; 3       ;
; Snake_ctrl_module:U4|BodyA[7]           ; 24      ;
; Apple_generate_module:U3|Apple_3[7]     ; 2       ;
; Total number of inverted registers = 21 ;         ;
+-----------------------------------------+---------+


+------------------------------------------------------------------------------------------------------------------------------------------------------------------+
; Multiplexer Restructuring Statistics (Restructuring Performed)                                                                                                   ;
+--------------------+-----------+---------------+----------------------+------------------------+------------+----------------------------------------------------+
; Multiplexer Inputs ; Bus Width ; Baseline Area ; Area if Restructured ; Saving if Restructured ; Registered ; Example Multiplexer Output                         ;
+--------------------+-----------+---------------+----------------------+------------------------+------------+----------------------------------------------------+
; 3:1                ; 6 bits    ; 12 LEs        ; 6 LEs                ; 6 LEs                  ; Yes        ; |Greedy_snake|Snake_ctrl_module:U4|Snake_length[2] ;
; 3:1                ; 15 bits   ; 30 LEs        ; 15 LEs               ; 15 LEs                 ; Yes        ; |Greedy_snake|Array_decoder:U8|row[13]             ;
; 4:1                ; 116 bits  ; 232 LEs       ; 116 LEs              ; 116 LEs                ; Yes        ; |Greedy_snake|Snake_ctrl_module:U4|BodyC[1]        ;
; 5:1                ; 4 bits    ; 12 LEs        ; 8 LEs                ; 4 LEs                  ; Yes        ; |Greedy_snake|Smg_display_module:U7|Smg_we[1]      ;
; 5:1                ; 32 bits   ; 96 LEs        ; 32 LEs               ; 64 LEs                 ; Yes        ; |Greedy_snake|Smg_display_module:U7|Count1[4]      ;
; 5:1                ; 4 bits    ; 12 LEs        ; 4 LEs                ; 8 LEs                  ; Yes        ; |Greedy_snake|Smg_display_module:U7|Points[0]      ;
; 6:1                ; 4 bits    ; 16 LEs        ; 4 LEs                ; 12 LEs                 ; Yes        ; |Greedy_snake|Smg_display_module:U7|Points[4]      ;
; 7:1                ; 4 bits    ; 16 LEs        ; 4 LEs                ; 12 LEs                 ; Yes        ; |Greedy_snake|Smg_display_module:U7|Points[9]      ;
; 7:1                ; 4 bits    ; 16 LEs        ; 4 LEs                ; 12 LEs                 ; Yes        ; |Greedy_snake|Smg_display_module:U7|Points[12]     ;
; 8:1                ; 2 bits    ; 10 LEs        ; 4 LEs                ; 6 LEs                  ; Yes        ; |Greedy_snake|Snake_ctrl_module:U4|BodyA[1]        ;
; 257:1              ; 17 bits   ; 2907 LEs      ; 425 LEs              ; 2482 LEs               ; Yes        ; |Greedy_snake|Array_decoder:U8|row[8]              ;
; 65:1               ; 7 bits    ; 301 LEs       ; 42 LEs               ; 259 LEs                ; Yes        ; |Greedy_snake|Smg_display_module:U7|Smg_duan[3]    ;
; 269:1              ; 8 bits    ; 1432 LEs      ; 96 LEs               ; 1336 LEs               ; Yes        ; |Greedy_snake|Array_decoder:U8|select[2]           ;
; 271:1              ; 8 bits    ; 1440 LEs      ; 8 LEs                ; 1432 LEs               ; Yes        ; |Greedy_snake|Array_decoder:U8|counter[3]          ;
; 3:1                ; 2 bits    ; 4 LEs         ; 2 LEs                ; 2 LEs                  ; Yes        ; |Greedy_snake|Snake_ctrl_module:U4|Snake_length[1] ;
; 4:1                ; 4 bits    ; 8 LEs         ; 4 LEs                ; 4 LEs                  ; Yes        ; |Greedy_snake|Snake_ctrl_module:U4|BodyB[4]        ;
; 8:1                ; 2 bits    ; 10 LEs        ; 4 LEs                ; 6 LEs                  ; Yes        ; |Greedy_snake|Snake_ctrl_module:U4|BodyA[7]        ;
+--------------------+-----------+---------------+----------------------+------------------------+------------+----------------------------------------------------+


+-------------------------------------------------------------------------------------------+
; Parameter Settings for User Entity Instance: altpll0:altpll0_inst|altpll:altpll_component ;
+-------------------------------+---------------------------+-------------------------------+
; Parameter Name                ; Value                     ; Type                          ;
+-------------------------------+---------------------------+-------------------------------+
; OPERATION_MODE                ; NORMAL                    ; Untyped                       ;
; PLL_TYPE                      ; AUTO                      ; Untyped                       ;
; LPM_HINT                      ; CBX_MODULE_PREFIX=altpll0 ; Untyped                       ;
; QUALIFY_CONF_DONE             ; OFF                       ; Untyped                       ;
; COMPENSATE_CLOCK              ; CLK0                      ; Untyped                       ;
; SCAN_CHAIN                    ; LONG                      ; Untyped                       ;
; PRIMARY_CLOCK                 ; INCLK0                    ; Untyped                       ;
; INCLK0_INPUT_FREQUENCY        ; 41666                     ; Signed Integer                ;
; INCLK1_INPUT_FREQUENCY        ; 0                         ; Untyped                       ;
; GATE_LOCK_SIGNAL              ; NO                        ; Untyped                       ;
; GATE_LOCK_COUNTER             ; 0                         ; Untyped                       ;
; LOCK_HIGH                     ; 1                         ; Untyped                       ;
; LOCK_LOW                      ; 1                         ; Untyped                       ;
; VALID_LOCK_MULTIPLIER         ; 1                         ; Untyped                       ;
; INVALID_LOCK_MULTIPLIER       ; 5                         ; Untyped                       ;
; SWITCH_OVER_ON_LOSSCLK        ; OFF                       ; Untyped                       ;
; SWITCH_OVER_ON_GATED_LOCK     ; OFF                       ; Untyped                       ;
; ENABLE_SWITCH_OVER_COUNTER    ; OFF                       ; Untyped                       ;
; SKIP_VCO                      ; OFF                       ; Untyped                       ;
; SWITCH_OVER_COUNTER           ; 0                         ; Untyped                       ;
; SWITCH_OVER_TYPE              ; AUTO                      ; Untyped                       ;
; FEEDBACK_SOURCE               ; EXTCLK0                   ; Untyped                       ;
; BANDWIDTH                     ; 0                         ; Untyped                       ;
; BANDWIDTH_TYPE                ; AUTO                      ; Untyped                       ;
; SPREAD_FREQUENCY              ; 0                         ; Untyped                       ;
; DOWN_SPREAD                   ; 0                         ; Untyped                       ;
; SELF_RESET_ON_GATED_LOSS_LOCK ; OFF                       ; Untyped                       ;
; SELF_RESET_ON_LOSS_LOCK       ; OFF                       ; Untyped                       ;
; CLK9_MULTIPLY_BY              ; 0                         ; Untyped                       ;
; CLK8_MULTIPLY_BY              ; 0                         ; Untyped                       ;
; CLK7_MULTIPLY_BY              ; 0                         ; Untyped                       ;
; CLK6_MULTIPLY_BY              ; 0                         ; Untyped                       ;
; CLK5_MULTIPLY_BY              ; 1                         ; Untyped                       ;
; CLK4_MULTIPLY_BY              ; 1                         ; Untyped                       ;
; CLK3_MULTIPLY_BY              ; 1                         ; Untyped                       ;
; CLK2_MULTIPLY_BY              ; 1                         ; Untyped                       ;
; CLK1_MULTIPLY_BY              ; 1                         ; Signed Integer                ;
; CLK0_MULTIPLY_BY              ; 1                         ; Signed Integer                ;
; CLK9_DIVIDE_BY                ; 0                         ; Untyped                       ;
; CLK8_DIVIDE_BY                ; 0                         ; Untyped                       ;
; CLK7_DIVIDE_BY                ; 0                         ; Untyped                       ;
; CLK6_DIVIDE_BY                ; 0                         ; Untyped                       ;
; CLK5_DIVIDE_BY                ; 1                         ; Untyped                       ;
; CLK4_DIVIDE_BY                ; 1                         ; Untyped                       ;
; CLK3_DIVIDE_BY                ; 1                         ; Untyped                       ;
; CLK2_DIVIDE_BY                ; 1                         ; Untyped                       ;
; CLK1_DIVIDE_BY                ; 2400                      ; Signed Integer                ;
; CLK0_DIVIDE_BY                ; 1                         ; Signed Integer                ;
; CLK9_PHASE_SHIFT              ; 0                         ; Untyped                       ;
; CLK8_PHASE_SHIFT              ; 0                         ; Untyped                       ;
; CLK7_PHASE_SHIFT              ; 0                         ; Untyped                       ;
; CLK6_PHASE_SHIFT              ; 0                         ; Untyped                       ;
; CLK5_PHASE_SHIFT              ; 0                         ; Untyped                       ;
; CLK4_PHASE_SHIFT              ; 0                         ; Untyped                       ;
; CLK3_PHASE_SHIFT              ; 0                         ; Untyped                       ;
; CLK2_PHASE_SHIFT              ; 0                         ; Untyped                       ;
; CLK1_PHASE_SHIFT              ; 0                         ; Untyped                       ;
; CLK0_PHASE_SHIFT              ; 0                         ; Untyped                       ;
; CLK5_TIME_DELAY               ; 0                         ; Untyped                       ;
; CLK4_TIME_DELAY               ; 0                         ; Untyped                       ;
; CLK3_TIME_DELAY               ; 0                         ; Untyped                       ;
; CLK2_TIME_DELAY               ; 0                         ; Untyped                       ;
; CLK1_TIME_DELAY               ; 0                         ; Untyped                       ;
; CLK0_TIME_DELAY               ; 0                         ; Untyped                       ;
; CLK9_DUTY_CYCLE               ; 50                        ; Untyped                       ;
; CLK8_DUTY_CYCLE               ; 50                        ; Untyped                       ;
; CLK7_DUTY_CYCLE               ; 50                        ; Untyped                       ;
; CLK6_DUTY_CYCLE               ; 50                        ; Untyped                       ;
; CLK5_DUTY_CYCLE               ; 50                        ; Untyped                       ;
; CLK4_DUTY_CYCLE               ; 50                        ; Untyped                       ;
; CLK3_DUTY_CYCLE               ; 50                        ; Untyped                       ;
; CLK2_DUTY_CYCLE               ; 50                        ; Untyped                       ;
; CLK1_DUTY_CYCLE               ; 50                        ; Signed Integer                ;
; CLK0_DUTY_CYCLE               ; 50                        ; Signed Integer                ;
; CLK9_USE_EVEN_COUNTER_MODE    ; OFF                       ; Untyped                       ;
; CLK8_USE_EVEN_COUNTER_MODE    ; OFF                       ; Untyped                       ;
; CLK7_USE_EVEN_COUNTER_MODE    ; OFF                       ; Untyped                       ;
; CLK6_USE_EVEN_COUNTER_MODE    ; OFF                       ; Untyped                       ;
; CLK5_USE_EVEN_COUNTER_MODE    ; OFF                       ; Untyped                       ;
; CLK4_USE_EVEN_COUNTER_MODE    ; OFF                       ; Untyped                       ;
; CLK3_USE_EVEN_COUNTER_MODE    ; OFF                       ; Untyped                       ;
; CLK2_USE_EVEN_COUNTER_MODE    ; OFF                       ; Untyped                       ;
; CLK1_USE_EVEN_COUNTER_MODE    ; OFF                       ; Untyped                       ;
; CLK0_USE_EVEN_COUNTER_MODE    ; OFF                       ; Untyped                       ;
; CLK9_USE_EVEN_COUNTER_VALUE   ; OFF                       ; Untyped                       ;
; CLK8_USE_EVEN_COUNTER_VALUE   ; OFF                       ; Untyped                       ;
; CLK7_USE_EVEN_COUNTER_VALUE   ; OFF                       ; Untyped                       ;
; CLK6_USE_EVEN_COUNTER_VALUE   ; OFF                       ; Untyped                       ;
; CLK5_USE_EVEN_COUNTER_VALUE   ; OFF                       ; Untyped                       ;
; CLK4_USE_EVEN_COUNTER_VALUE   ; OFF                       ; Untyped                       ;
; CLK3_USE_EVEN_COUNTER_VALUE   ; OFF                       ; Untyped                       ;
; CLK2_USE_EVEN_COUNTER_VALUE   ; OFF                       ; Untyped                       ;
; CLK1_USE_EVEN_COUNTER_VALUE   ; OFF                       ; Untyped                       ;
; CLK0_USE_EVEN_COUNTER_VALUE   ; OFF                       ; Untyped                       ;
; LOCK_WINDOW_UI                ;  0.05                     ; Untyped                       ;
; LOCK_WINDOW_UI_BITS           ; UNUSED                    ; Untyped                       ;
; VCO_RANGE_DETECTOR_LOW_BITS   ; UNUSED                    ; Untyped                       ;
; VCO_RANGE_DETECTOR_HIGH_BITS  ; UNUSED                    ; Untyped                       ;
; DPA_MULTIPLY_BY               ; 0                         ; Untyped                       ;
; DPA_DIVIDE_BY                 ; 1                         ; Untyped                       ;
; DPA_DIVIDER                   ; 0                         ; Untyped                       ;
; EXTCLK3_MULTIPLY_BY           ; 1                         ; Untyped                       ;
; EXTCLK2_MULTIPLY_BY           ; 1                         ; Untyped                       ;
; EXTCLK1_MULTIPLY_BY           ; 1                         ; Untyped                       ;
; EXTCLK0_MULTIPLY_BY           ; 1                         ; Untyped                       ;
; EXTCLK3_DIVIDE_BY             ; 1                         ; Untyped                       ;
; EXTCLK2_DIVIDE_BY             ; 1                         ; Untyped                       ;
; EXTCLK1_DIVIDE_BY             ; 1                         ; Untyped                       ;
; EXTCLK0_DIVIDE_BY             ; 1                         ; Untyped                       ;
; EXTCLK3_PHASE_SHIFT           ; 0                         ; Untyped                       ;
; EXTCLK2_PHASE_SHIFT           ; 0                         ; Untyped                       ;
; EXTCLK1_PHASE_SHIFT           ; 0                         ; Untyped                       ;
; EXTCLK0_PHASE_SHIFT           ; 0                         ; Untyped                       ;
; EXTCLK3_TIME_DELAY            ; 0                         ; Untyped                       ;
; EXTCLK2_TIME_DELAY            ; 0                         ; Untyped                       ;
; EXTCLK1_TIME_DELAY            ; 0                         ; Untyped                       ;
; EXTCLK0_TIME_DELAY            ; 0                         ; Untyped                       ;
; EXTCLK3_DUTY_CYCLE            ; 50                        ; Untyped                       ;
; EXTCLK2_DUTY_CYCLE            ; 50                        ; Untyped                       ;
; EXTCLK1_DUTY_CYCLE            ; 50                        ; Untyped                       ;
; EXTCLK0_DUTY_CYCLE            ; 50                        ; Untyped                       ;
; VCO_MULTIPLY_BY               ; 0                         ; Untyped                       ;
; VCO_DIVIDE_BY                 ; 0                         ; Untyped                       ;
; SCLKOUT0_PHASE_SHIFT          ; 0                         ; Untyped                       ;
; SCLKOUT1_PHASE_SHIFT          ; 0                         ; Untyped                       ;
; VCO_MIN                       ; 0                         ; Untyped                       ;
; VCO_MAX                       ; 0                         ; Untyped                       ;
; VCO_CENTER                    ; 0                         ; Untyped                       ;
; PFD_MIN                       ; 0                         ; Untyped                       ;
; PFD_MAX                       ; 0                         ; Untyped                       ;
; M_INITIAL                     ; 0                         ; Untyped                       ;
; M                             ; 0                         ; Untyped                       ;
; N                             ; 1                         ; Untyped                       ;
; M2                            ; 1                         ; Untyped                       ;
; N2                            ; 1                         ; Untyped                       ;
; SS                            ; 1                         ; Untyped                       ;
; C0_HIGH                       ; 0                         ; Untyped                       ;
; C1_HIGH                       ; 0                         ; Untyped                       ;
; C2_HIGH                       ; 0                         ; Untyped                       ;
; C3_HIGH                       ; 0                         ; Untyped                       ;
; C4_HIGH                       ; 0                         ; Untyped                       ;
; C5_HIGH                       ; 0                         ; Untyped                       ;
; C6_HIGH                       ; 0                         ; Untyped                       ;
; C7_HIGH                       ; 0                         ; Untyped                       ;
; C8_HIGH                       ; 0                         ; Untyped                       ;
; C9_HIGH                       ; 0                         ; Untyped                       ;
; C0_LOW                        ; 0                         ; Untyped                       ;
; C1_LOW                        ; 0                         ; Untyped                       ;
; C2_LOW                        ; 0                         ; Untyped                       ;
; C3_LOW                        ; 0                         ; Untyped                       ;
; C4_LOW                        ; 0                         ; Untyped                       ;
; C5_LOW                        ; 0                         ; Untyped                       ;
; C6_LOW                        ; 0                         ; Untyped                       ;
; C7_LOW                        ; 0                         ; Untyped                       ;
; C8_LOW                        ; 0                         ; Untyped                       ;
; C9_LOW                        ; 0                         ; Untyped                       ;
; C0_INITIAL                    ; 0                         ; Untyped                       ;
; C1_INITIAL                    ; 0                         ; Untyped                       ;
; C2_INITIAL                    ; 0                         ; Untyped                       ;
; C3_INITIAL                    ; 0                         ; Untyped                       ;
; C4_INITIAL                    ; 0                         ; Untyped                       ;
; C5_INITIAL                    ; 0                         ; Untyped                       ;
; C6_INITIAL                    ; 0                         ; Untyped                       ;
; C7_INITIAL                    ; 0                         ; Untyped                       ;
; C8_INITIAL                    ; 0                         ; Untyped                       ;
; C9_INITIAL                    ; 0                         ; Untyped                       ;
; C0_MODE                       ; BYPASS                    ; Untyped                       ;
; C1_MODE                       ; BYPASS                    ; Untyped                       ;
; C2_MODE                       ; BYPASS                    ; Untyped                       ;
; C3_MODE                       ; BYPASS                    ; Untyped                       ;
; C4_MODE                       ; BYPASS                    ; Untyped                       ;
; C5_MODE                       ; BYPASS                    ; Untyped                       ;
; C6_MODE                       ; BYPASS                    ; Untyped                       ;
; C7_MODE                       ; BYPASS                    ; Untyped                       ;
; C8_MODE                       ; BYPASS                    ; Untyped                       ;
; C9_MODE                       ; BYPASS                    ; Untyped                       ;
; C0_PH                         ; 0                         ; Untyped                       ;
; C1_PH                         ; 0                         ; Untyped                       ;
; C2_PH                         ; 0                         ; Untyped                       ;
; C3_PH                         ; 0                         ; Untyped                       ;
; C4_PH                         ; 0                         ; Untyped                       ;
; C5_PH                         ; 0                         ; Untyped                       ;
; C6_PH                         ; 0                         ; Untyped                       ;
; C7_PH                         ; 0                         ; Untyped                       ;
; C8_PH                         ; 0                         ; Untyped                       ;
; C9_PH                         ; 0                         ; Untyped                       ;
; L0_HIGH                       ; 1                         ; Untyped                       ;
; L1_HIGH                       ; 1                         ; Untyped                       ;
; G0_HIGH                       ; 1                         ; Untyped                       ;
; G1_HIGH                       ; 1                         ; Untyped                       ;
; G2_HIGH                       ; 1                         ; Untyped                       ;
; G3_HIGH                       ; 1                         ; Untyped                       ;
; E0_HIGH                       ; 1                         ; Untyped                       ;
; E1_HIGH                       ; 1                         ; Untyped                       ;
; E2_HIGH                       ; 1                         ; Untyped                       ;
; E3_HIGH                       ; 1                         ; Untyped                       ;
; L0_LOW                        ; 1                         ; Untyped                       ;
; L1_LOW                        ; 1                         ; Untyped                       ;
; G0_LOW                        ; 1                         ; Untyped                       ;
; G1_LOW                        ; 1                         ; Untyped                       ;
; G2_LOW                        ; 1                         ; Untyped                       ;
; G3_LOW                        ; 1                         ; Untyped                       ;
; E0_LOW                        ; 1                         ; Untyped                       ;
; E1_LOW                        ; 1                         ; Untyped                       ;
; E2_LOW                        ; 1                         ; Untyped                       ;
; E3_LOW                        ; 1                         ; Untyped                       ;
; L0_INITIAL                    ; 1                         ; Untyped                       ;
; L1_INITIAL                    ; 1                         ; Untyped                       ;
; G0_INITIAL                    ; 1                         ; Untyped                       ;
; G1_INITIAL                    ; 1                         ; Untyped                       ;
; G2_INITIAL                    ; 1                         ; Untyped                       ;
; G3_INITIAL                    ; 1                         ; Untyped                       ;
; E0_INITIAL                    ; 1                         ; Untyped                       ;
; E1_INITIAL                    ; 1                         ; Untyped                       ;
; E2_INITIAL                    ; 1                         ; Untyped                       ;
; E3_INITIAL                    ; 1                         ; Untyped                       ;
; L0_MODE                       ; BYPASS                    ; Untyped                       ;
; L1_MODE                       ; BYPASS                    ; Untyped                       ;
; G0_MODE                       ; BYPASS                    ; Untyped                       ;
; G1_MODE                       ; BYPASS                    ; Untyped                       ;
; G2_MODE                       ; BYPASS                    ; Untyped                       ;
; G3_MODE                       ; BYPASS                    ; Untyped                       ;
; E0_MODE                       ; BYPASS                    ; Untyped                       ;
; E1_MODE                       ; BYPASS                    ; Untyped                       ;
; E2_MODE                       ; BYPASS                    ; Untyped                       ;
; E3_MODE                       ; BYPASS                    ; Untyped                       ;
; L0_PH                         ; 0                         ; Untyped                       ;
; L1_PH                         ; 0                         ; Untyped                       ;
; G0_PH                         ; 0                         ; Untyped                       ;
; G1_PH                         ; 0                         ; Untyped                       ;
; G2_PH                         ; 0                         ; Untyped                       ;
; G3_PH                         ; 0                         ; Untyped                       ;
; E0_PH                         ; 0                         ; Untyped                       ;
; E1_PH                         ; 0                         ; Untyped                       ;
; E2_PH                         ; 0                         ; Untyped                       ;
; E3_PH                         ; 0                         ; Untyped                       ;
; M_PH                          ; 0                         ; Untyped                       ;
; C1_USE_CASC_IN                ; OFF                       ; Untyped                       ;
; C2_USE_CASC_IN                ; OFF                       ; Untyped                       ;
; C3_USE_CASC_IN                ; OFF                       ; Untyped                       ;
; C4_USE_CASC_IN                ; OFF                       ; Untyped                       ;
; C5_USE_CASC_IN                ; OFF                       ; Untyped                       ;
; C6_USE_CASC_IN                ; OFF                       ; Untyped                       ;
; C7_USE_CASC_IN                ; OFF                       ; Untyped                       ;
; C8_USE_CASC_IN                ; OFF                       ; Untyped                       ;
; C9_USE_CASC_IN                ; OFF                       ; Untyped                       ;
; CLK0_COUNTER                  ; G0                        ; Untyped                       ;
; CLK1_COUNTER                  ; G0                        ; Untyped                       ;
; CLK2_COUNTER                  ; G0                        ; Untyped                       ;
; CLK3_COUNTER                  ; G0                        ; Untyped                       ;
; CLK4_COUNTER                  ; G0                        ; Untyped                       ;
; CLK5_COUNTER                  ; G0                        ; Untyped                       ;
; CLK6_COUNTER                  ; E0                        ; Untyped                       ;
; CLK7_COUNTER                  ; E1                        ; Untyped                       ;
; CLK8_COUNTER                  ; E2                        ; Untyped                       ;
; CLK9_COUNTER                  ; E3                        ; Untyped                       ;
; L0_TIME_DELAY                 ; 0                         ; Untyped                       ;
; L1_TIME_DELAY                 ; 0                         ; Untyped                       ;
; G0_TIME_DELAY                 ; 0                         ; Untyped                       ;
; G1_TIME_DELAY                 ; 0                         ; Untyped                       ;
; G2_TIME_DELAY                 ; 0                         ; Untyped                       ;
; G3_TIME_DELAY                 ; 0                         ; Untyped                       ;
; E0_TIME_DELAY                 ; 0                         ; Untyped                       ;
; E1_TIME_DELAY                 ; 0                         ; Untyped                       ;
; E2_TIME_DELAY                 ; 0                         ; Untyped                       ;
; E3_TIME_DELAY                 ; 0                         ; Untyped                       ;
; M_TIME_DELAY                  ; 0                         ; Untyped                       ;
; N_TIME_DELAY                  ; 0                         ; Untyped                       ;
; EXTCLK3_COUNTER               ; E3                        ; Untyped                       ;
; EXTCLK2_COUNTER               ; E2                        ; Untyped                       ;
; EXTCLK1_COUNTER               ; E1                        ; Untyped                       ;
; EXTCLK0_COUNTER               ; E0                        ; Untyped                       ;
; ENABLE0_COUNTER               ; L0                        ; Untyped                       ;
; ENABLE1_COUNTER               ; L0                        ; Untyped                       ;
; CHARGE_PUMP_CURRENT           ; 2                         ; Untyped                       ;
; LOOP_FILTER_R                 ;  1.000000                 ; Untyped                       ;
; LOOP_FILTER_C                 ; 5                         ; Untyped                       ;
; CHARGE_PUMP_CURRENT_BITS      ; 9999                      ; Untyped                       ;
; LOOP_FILTER_R_BITS            ; 9999                      ; Untyped                       ;
; LOOP_FILTER_C_BITS            ; 9999                      ; Untyped                       ;
; VCO_POST_SCALE                ; 0                         ; Untyped                       ;
; CLK2_OUTPUT_FREQUENCY         ; 0                         ; Untyped                       ;
; CLK1_OUTPUT_FREQUENCY         ; 0                         ; Untyped                       ;
; CLK0_OUTPUT_FREQUENCY         ; 0                         ; Untyped                       ;
; INTENDED_DEVICE_FAMILY        ; Cyclone III               ; Untyped                       ;
; PORT_CLKENA0                  ; PORT_UNUSED               ; Untyped                       ;
; PORT_CLKENA1                  ; PORT_UNUSED               ; Untyped                       ;
; PORT_CLKENA2                  ; PORT_UNUSED               ; Untyped                       ;
; PORT_CLKENA3                  ; PORT_UNUSED               ; Untyped                       ;
; PORT_CLKENA4                  ; PORT_UNUSED               ; Untyped                       ;
; PORT_CLKENA5                  ; PORT_UNUSED               ; Untyped                       ;
; PORT_EXTCLKENA0               ; PORT_CONNECTIVITY         ; Untyped                       ;
; PORT_EXTCLKENA1               ; PORT_CONNECTIVITY         ; Untyped                       ;
; PORT_EXTCLKENA2               ; PORT_CONNECTIVITY         ; Untyped                       ;
; PORT_EXTCLKENA3               ; PORT_CONNECTIVITY         ; Untyped                       ;
; PORT_EXTCLK0                  ; PORT_UNUSED               ; Untyped                       ;
; PORT_EXTCLK1                  ; PORT_UNUSED               ; Untyped                       ;
; PORT_EXTCLK2                  ; PORT_UNUSED               ; Untyped                       ;
; PORT_EXTCLK3                  ; PORT_UNUSED               ; Untyped                       ;
; PORT_CLKBAD0                  ; PORT_UNUSED               ; Untyped                       ;
; PORT_CLKBAD1                  ; PORT_UNUSED               ; Untyped                       ;
; PORT_CLK0                     ; PORT_USED                 ; Untyped                       ;
; PORT_CLK1                     ; PORT_USED                 ; Untyped                       ;
; PORT_CLK2                     ; PORT_UNUSED               ; Untyped                       ;
; PORT_CLK3                     ; PORT_UNUSED               ; Untyped                       ;
; PORT_CLK4                     ; PORT_UNUSED               ; Untyped                       ;
; PORT_CLK5                     ; PORT_UNUSED               ; Untyped                       ;
; PORT_CLK6                     ; PORT_UNUSED               ; Untyped                       ;
; PORT_CLK7                     ; PORT_UNUSED               ; Untyped                       ;
; PORT_CLK8                     ; PORT_UNUSED               ; Untyped                       ;
; PORT_CLK9                     ; PORT_UNUSED               ; Untyped                       ;
; PORT_SCANDATA                 ; PORT_UNUSED               ; Untyped                       ;
; PORT_SCANDATAOUT              ; PORT_UNUSED               ; Untyped                       ;
; PORT_SCANDONE                 ; PORT_UNUSED               ; Untyped                       ;
; PORT_SCLKOUT1                 ; PORT_CONNECTIVITY         ; Untyped                       ;
; PORT_SCLKOUT0                 ; PORT_CONNECTIVITY         ; Untyped                       ;
; PORT_ACTIVECLOCK              ; PORT_UNUSED               ; Untyped                       ;
; PORT_CLKLOSS                  ; PORT_UNUSED               ; Untyped                       ;
; PORT_INCLK1                   ; PORT_UNUSED               ; Untyped                       ;
; PORT_INCLK0                   ; PORT_USED                 ; Untyped                       ;
; PORT_FBIN                     ; PORT_UNUSED               ; Untyped                       ;
; PORT_PLLENA                   ; PORT_UNUSED               ; Untyped                       ;
; PORT_CLKSWITCH                ; PORT_UNUSED               ; Untyped                       ;
; PORT_ARESET                   ; PORT_UNUSED               ; Untyped                       ;
; PORT_PFDENA                   ; PORT_UNUSED               ; Untyped                       ;
; PORT_SCANCLK                  ; PORT_UNUSED               ; Untyped                       ;
; PORT_SCANACLR                 ; PORT_UNUSED               ; Untyped                       ;
; PORT_SCANREAD                 ; PORT_UNUSED               ; Untyped                       ;
; PORT_SCANWRITE                ; PORT_UNUSED               ; Untyped                       ;
; PORT_ENABLE0                  ; PORT_CONNECTIVITY         ; Untyped                       ;
; PORT_ENABLE1                  ; PORT_CONNECTIVITY         ; Untyped                       ;
; PORT_LOCKED                   ; PORT_UNUSED               ; Untyped                       ;
; PORT_CONFIGUPDATE             ; PORT_UNUSED               ; Untyped                       ;
; PORT_FBOUT                    ; PORT_CONNECTIVITY         ; Untyped                       ;
; PORT_PHASEDONE                ; PORT_UNUSED               ; Untyped                       ;
; PORT_PHASESTEP                ; PORT_UNUSED               ; Untyped                       ;
; PORT_PHASEUPDOWN              ; PORT_UNUSED               ; Untyped                       ;
; PORT_SCANCLKENA               ; PORT_UNUSED               ; Untyped                       ;
; PORT_PHASECOUNTERSELECT       ; PORT_UNUSED               ; Untyped                       ;
; PORT_VCOOVERRANGE             ; PORT_CONNECTIVITY         ; Untyped                       ;
; PORT_VCOUNDERRANGE            ; PORT_CONNECTIVITY         ; Untyped                       ;
; M_TEST_SOURCE                 ; 5                         ; Untyped                       ;
; C0_TEST_SOURCE                ; 5                         ; Untyped                       ;
; C1_TEST_SOURCE                ; 5                         ; Untyped                       ;
; C2_TEST_SOURCE                ; 5                         ; Untyped                       ;
; C3_TEST_SOURCE                ; 5                         ; Untyped                       ;
; C4_TEST_SOURCE                ; 5                         ; Untyped                       ;
; C5_TEST_SOURCE                ; 5                         ; Untyped                       ;
; C6_TEST_SOURCE                ; 5                         ; Untyped                       ;
; C7_TEST_SOURCE                ; 5                         ; Untyped                       ;
; C8_TEST_SOURCE                ; 5                         ; Untyped                       ;
; C9_TEST_SOURCE                ; 5                         ; Untyped                       ;
; CBXI_PARAMETER                ; altpll0_altpll            ; Untyped                       ;
; VCO_FREQUENCY_CONTROL         ; AUTO                      ; Untyped                       ;
; VCO_PHASE_SHIFT_STEP          ; 0                         ; Untyped                       ;
; WIDTH_CLOCK                   ; 5                         ; Signed Integer                ;
; WIDTH_PHASECOUNTERSELECT      ; 4                         ; Untyped                       ;
; USING_FBMIMICBIDIR_PORT       ; OFF                       ; Untyped                       ;
; DEVICE_FAMILY                 ; Cyclone III               ; Untyped                       ;
; SCAN_CHAIN_MIF_FILE           ; UNUSED                    ; Untyped                       ;
; SIM_GATE_LOCK_DEVICE_BEHAVIOR ; OFF                       ; Untyped                       ;
; AUTO_CARRY_CHAINS             ; ON                        ; AUTO_CARRY                    ;
; IGNORE_CARRY_BUFFERS          ; OFF                       ; IGNORE_CARRY                  ;
; AUTO_CASCADE_CHAINS           ; ON                        ; AUTO_CASCADE                  ;
; IGNORE_CASCADE_BUFFERS        ; OFF                       ; IGNORE_CASCADE                ;
+-------------------------------+---------------------------+-------------------------------+
Note: In order to hide this table in the UI and the text report file, please set the "Show Parameter Settings in Synthesis Report" option in "Analysis and Synthesis Settings -> More Settings" to "Off".


+------------------------------------------------------------------+
; Parameter Settings for User Entity Instance: Game_ctrl_module:U2 ;
+----------------+-------+-----------------------------------------+
; Parameter Name ; Value ; Type                                    ;
+----------------+-------+-----------------------------------------+
; START          ; 001   ; Unsigned Binary                         ;
; PLAY           ; 010   ; Unsigned Binary                         ;
; END            ; 100   ; Unsigned Binary                         ;
+----------------+-------+-----------------------------------------+
Note: In order to hide this table in the UI and the text report file, please set the "Show Parameter Settings in Synthesis Report" option in "Analysis and Synthesis Settings -> More Settings" to "Off".


+-------------------------------------------------------------------+
; Parameter Settings for User Entity Instance: Snake_ctrl_module:U4 ;
+----------------+-------+------------------------------------------+
; Parameter Name ; Value ; Type                                     ;
+----------------+-------+------------------------------------------+
; END            ; 100   ; Unsigned Binary                          ;
+----------------+-------+------------------------------------------+
Note: In order to hide this table in the UI and the text report file, please set the "Show Parameter Settings in Synthesis Report" option in "Analysis and Synthesis Settings -> More Settings" to "Off".


+--------------------------------------------------------------------+
; Parameter Settings for User Entity Instance: Smg_display_module:U7 ;
+----------------+-------+-------------------------------------------+
; Parameter Name ; Value ; Type                                      ;
+----------------+-------+-------------------------------------------+
; END            ; 100   ; Unsigned Binary                           ;
+----------------+-------+-------------------------------------------+
Note: In order to hide this table in the UI and the text report file, please set the "Show Parameter Settings in Synthesis Report" option in "Analysis and Synthesis Settings -> More Settings" to "Off".


+---------------------------------------------------------------+
; Parameter Settings for User Entity Instance: Array_decoder:U8 ;
+----------------+-------+--------------------------------------+
; Parameter Name ; Value ; Type                                 ;
+----------------+-------+--------------------------------------+
; END            ; 100   ; Unsigned Binary                      ;
; START          ; 001   ; Unsigned Binary                      ;
+----------------+-------+--------------------------------------+
Note: In order to hide this table in the UI and the text report file, please set the "Show Parameter Settings in Synthesis Report" option in "Analysis and Synthesis Settings -> More Settings" to "Off".


+------------------------------------------------------------------------------+
; altpll Parameter Settings by Entity Instance                                 ;
+-------------------------------+----------------------------------------------+
; Name                          ; Value                                        ;
+-------------------------------+----------------------------------------------+
; Number of entity instances    ; 1                                            ;
; Entity Instance               ; altpll0:altpll0_inst|altpll:altpll_component ;
;     -- OPERATION_MODE         ; NORMAL                                       ;
;     -- PLL_TYPE               ; AUTO                                         ;
;     -- PRIMARY_CLOCK          ; INCLK0                                       ;
;     -- INCLK0_INPUT_FREQUENCY ; 41666                                        ;
;     -- INCLK1_INPUT_FREQUENCY ; 0                                            ;
;     -- VCO_MULTIPLY_BY        ; 0                                            ;
;     -- VCO_DIVIDE_BY          ; 0                                            ;
+-------------------------------+----------------------------------------------+


+-------------------------------+
; Elapsed Time Per Partition    ;
+----------------+--------------+
; Partition Name ; Elapsed Time ;
+----------------+--------------+
; Top            ; 00:00:03     ;
+----------------+--------------+


+-------------------------------+
; Analysis & Synthesis Messages ;
+-------------------------------+
Info: *******************************************************************
Info: Running Quartus II 64-Bit Analysis & Synthesis
    Info: Version 13.1.0 Build 162 10/23/2013 SJ Full Version
    Info: Processing started: Fri Oct 27 10:52:04 2017
Info: Command: quartus_map --read_settings_files=on --write_settings_files=off Greedy_snake -c Greedy_snake
Info (11104): Parallel Compilation has detected 4 hyper-threaded processors. However, the extra hyper-threaded processors will not be used by default. Parallel Compilation will use 2 of the 2 physical processors detected instead.
Info (12021): Found 1 design units, including 1 entities, in source file altpll0.v
    Info (12023): Found entity 1: altpll0
Info (12021): Found 1 design units, including 1 entities, in source file array_decoder.v
    Info (12023): Found entity 1: Array_decoder
Info (12021): Found 1 design units, including 1 entities, in source file snake_ctrl_module.v
    Info (12023): Found entity 1: Snake_ctrl_module
Info (12021): Found 1 design units, including 1 entities, in source file seg_display_module.v
    Info (12023): Found entity 1: Smg_display_module
Info (12021): Found 1 design units, including 1 entities, in source file key_check_module.v
    Info (12023): Found entity 1: Key_check_module
Info (12021): Found 1 design units, including 1 entities, in source file greedy_snake.v
    Info (12023): Found entity 1: Greedy_snake
Info (12021): Found 1 design units, including 1 entities, in source file game_ctrl_module.v
    Info (12023): Found entity 1: Game_ctrl_module
Info (12021): Found 1 design units, including 1 entities, in source file apple_generate_module.v
    Info (12023): Found entity 1: Apple_generate_module
Info (12021): Found 1 design units, including 1 entities, in source file pll.bdf
    Info (12023): Found entity 1: pll
Info (12127): Elaborating entity "Greedy_snake" for the top level hierarchy
Info (12128): Elaborating entity "altpll0" for hierarchy "altpll0:altpll0_inst"
Info (12128): Elaborating entity "altpll" for hierarchy "altpll0:altpll0_inst|altpll:altpll_component"
Info (12130): Elaborated megafunction instantiation "altpll0:altpll0_inst|altpll:altpll_component"
Info (12133): Instantiated megafunction "altpll0:altpll0_inst|altpll:altpll_component" with the following parameter:
    Info (12134): Parameter "bandwidth_type" = "AUTO"
    Info (12134): Parameter "clk0_divide_by" = "1"
    Info (12134): Parameter "clk0_duty_cycle" = "50"
    Info (12134): Parameter "clk0_multiply_by" = "1"
    Info (12134): Parameter "clk0_phase_shift" = "0"
    Info (12134): Parameter "clk1_divide_by" = "2400"
    Info (12134): Parameter "clk1_duty_cycle" = "50"
    Info (12134): Parameter "clk1_multiply_by" = "1"
    Info (12134): Parameter "clk1_phase_shift" = "0"
    Info (12134): Parameter "compensate_clock" = "CLK0"
    Info (12134): Parameter "inclk0_input_frequency" = "41666"
    Info (12134): Parameter "intended_device_family" = "Cyclone III"
    Info (12134): Parameter "lpm_hint" = "CBX_MODULE_PREFIX=altpll0"
    Info (12134): Parameter "lpm_type" = "altpll"
    Info (12134): Parameter "operation_mode" = "NORMAL"
    Info (12134): Parameter "pll_type" = "AUTO"
    Info (12134): Parameter "port_activeclock" = "PORT_UNUSED"
    Info (12134): Parameter "port_areset" = "PORT_UNUSED"
    Info (12134): Parameter "port_clkbad0" = "PORT_UNUSED"
    Info (12134): Parameter "port_clkbad1" = "PORT_UNUSED"
    Info (12134): Parameter "port_clkloss" = "PORT_UNUSED"
    Info (12134): Parameter "port_clkswitch" = "PORT_UNUSED"
    Info (12134): Parameter "port_configupdate" = "PORT_UNUSED"
    Info (12134): Parameter "port_fbin" = "PORT_UNUSED"
    Info (12134): Parameter "port_inclk0" = "PORT_USED"
    Info (12134): Parameter "port_inclk1" = "PORT_UNUSED"
    Info (12134): Parameter "port_locked" = "PORT_UNUSED"
    Info (12134): Parameter "port_pfdena" = "PORT_UNUSED"
    Info (12134): Parameter "port_phasecounterselect" = "PORT_UNUSED"
    Info (12134): Parameter "port_phasedone" = "PORT_UNUSED"
    Info (12134): Parameter "port_phasestep" = "PORT_UNUSED"
    Info (12134): Parameter "port_phaseupdown" = "PORT_UNUSED"
    Info (12134): Parameter "port_pllena" = "PORT_UNUSED"
    Info (12134): Parameter "port_scanaclr" = "PORT_UNUSED"
    Info (12134): Parameter "port_scanclk" = "PORT_UNUSED"
    Info (12134): Parameter "port_scanclkena" = "PORT_UNUSED"
    Info (12134): Parameter "port_scandata" = "PORT_UNUSED"
    Info (12134): Parameter "port_scandataout" = "PORT_UNUSED"
    Info (12134): Parameter "port_scandone" = "PORT_UNUSED"
    Info (12134): Parameter "port_scanread" = "PORT_UNUSED"
    Info (12134): Parameter "port_scanwrite" = "PORT_UNUSED"
    Info (12134): Parameter "port_clk0" = "PORT_USED"
    Info (12134): Parameter "port_clk1" = "PORT_USED"
    Info (12134): Parameter "port_clk2" = "PORT_UNUSED"
    Info (12134): Parameter "port_clk3" = "PORT_UNUSED"
    Info (12134): Parameter "port_clk4" = "PORT_UNUSED"
    Info (12134): Parameter "port_clk5" = "PORT_UNUSED"
    Info (12134): Parameter "port_clkena0" = "PORT_UNUSED"
    Info (12134): Parameter "port_clkena1" = "PORT_UNUSED"
    Info (12134): Parameter "port_clkena2" = "PORT_UNUSED"
    Info (12134): Parameter "port_clkena3" = "PORT_UNUSED"
    Info (12134): Parameter "port_clkena4" = "PORT_UNUSED"
    Info (12134): Parameter "port_clkena5" = "PORT_UNUSED"
    Info (12134): Parameter "port_extclk0" = "PORT_UNUSED"
    Info (12134): Parameter "port_extclk1" = "PORT_UNUSED"
    Info (12134): Parameter "port_extclk2" = "PORT_UNUSED"
    Info (12134): Parameter "port_extclk3" = "PORT_UNUSED"
    Info (12134): Parameter "width_clock" = "5"
Info (12021): Found 1 design units, including 1 entities, in source file db/altpll0_altpll.v
    Info (12023): Found entity 1: altpll0_altpll
Info (12128): Elaborating entity "altpll0_altpll" for hierarchy "altpll0:altpll0_inst|altpll:altpll_component|altpll0_altpll:auto_generated"
Info (12128): Elaborating entity "Game_ctrl_module" for hierarchy "Game_ctrl_module:U2"
Info (10264): Verilog HDL Case Statement information at Game_ctrl_module.v(29): all case item expressions in this case statement are onehot
Info (12128): Elaborating entity "Apple_generate_module" for hierarchy "Apple_generate_module:U3"
Warning (10036): Verilog HDL or VHDL warning at Apple_generate_module.v(12): object "Count1" assigned a value but never read
Warning (10030): Net "Random_num_1[0]" at Apple_generate_module.v(13) has no driver or initial value, using a default initial value '0'
Info (12128): Elaborating entity "Snake_ctrl_module" for hierarchy "Snake_ctrl_module:U4"
Info (12128): Elaborating entity "Key_check_module" for hierarchy "Key_check_module:U6"
Info (12128): Elaborating entity "Smg_display_module" for hierarchy "Smg_display_module:U7"
Info (12128): Elaborating entity "Array_decoder" for hierarchy "Array_decoder:U8"
Warning (10230): Verilog HDL assignment warning at Array_decoder.v(40): truncated value with size 32 to match size of target (8)
Warning (10230): Verilog HDL assignment warning at Array_decoder.v(199): truncated value with size 32 to match size of target (8)
Info (13000): Registers with preset signals will power-up high
Info (13003): DEV_CLRn pin will set, and not reset, register with preset signal due to NOT Gate Push-Back
Info (286030): Timing-Driven Synthesis is running
Info (17049): 2 registers lost all their fanouts during netlist optimizations.
Info (144001): Generated suppressed messages file D:/Applications/Altera/13.1/Snake/output_files/Greedy_snake.map.smsg
Info (16010): Generating hard_block partition "hard_block:auto_generated_inst"
    Info (16011): Adding 1 node(s), including 0 DDIO, 1 PLL, 0 transceiver and 0 LCELL
Info (21057): Implemented 894 device resources after synthesis - the final resource count might be different
    Info (21058): Implemented 6 input pins
    Info (21059): Implemented 44 output pins
    Info (21061): Implemented 843 logic cells
    Info (21065): Implemented 1 PLLs
Info: Quartus II 64-Bit Analysis & Synthesis was successful. 0 errors, 4 warnings
    Info: Peak virtual memory: 564 megabytes
    Info: Processing ended: Fri Oct 27 10:52:08 2017
    Info: Elapsed time: 00:00:04
    Info: Total CPU time (on all processors): 00:00:04


+------------------------------------------+
; Analysis & Synthesis Suppressed Messages ;
+------------------------------------------+
The suppressed messages can be found in D:/Applications/Altera/13.1/Snake/output_files/Greedy_snake.map.smsg.


